<?xml version="1.0" encoding="UTF-8"?>
<!-- Generated by org.testng.reporters.JUnitXMLReporter -->
<testsuite hostname="Manoj" ignored="2" name="functionalTesting_chrome" tests="2" failures="0" timestamp="2023-03-01T17:56:11 IST" time="0.02" errors="0">
  <testcase name="@BeforeSuite initializeReport" time="0.015" classname="base.Base">
    <failure type="java.lang.NoClassDefFoundError" message="freemarker/template/TemplateModelException">
      <![CDATA[java.lang.NoClassDefFoundError: freemarker/template/TemplateModelException
at base.Base.initializeReport(Base.java:37)
Caused by: java.lang.ClassNotFoundException: freemarker.template.TemplateModelException
at java.net.URLClassLoader.findClass(Unknown Source)
at java.lang.ClassLoader.loadClass(Unknown Source)
at sun.misc.Launcher$AppClassLoader.loadClass(Unknown Source)
at java.lang.ClassLoader.loadClass(Unknown Source)
... 20 more
... Removed 19 stack frames]]>
    </failure>
  </testcase> <!-- @BeforeSuite initializeReport -->
  <testcase name="@BeforeMethod initialize" time="-1.677673571357E9" classname="testing.FunctionalTest">
    <skipped/>
  </testcase> <!-- @BeforeMethod initialize -->
  <testcase name="@BeforeMethod initialize" time="-1.677673571364E9" classname="testing.FunctionalTest">
    <skipped/>
  </testcase> <!-- @BeforeMethod initialize -->
  <testcase name="validateProdandPrice" time="0.0" classname="testing.FunctionalTest">
    <skipped/>
  </testcase> <!-- validateProdandPrice -->
  <testcase name="validateTitle" time="0.0" classname="testing.FunctionalTest">
    <skipped/>
  </testcase> <!-- validateTitle -->
  <testcase name="@BeforeSuite initializeReport" time="0.0" classname="base.Base">
    <ignored/>
  </testcase> <!-- @BeforeSuite initializeReport -->
  <testcase name="@AfterSuite saveReport" time="0.0" classname="base.Base">
    <ignored/>
  </testcase> <!-- @AfterSuite saveReport -->
</testsuite> <!-- functionalTesting_chrome -->
